<?xml version="1.0" encoding="UTF-8"?>
<testng-results ignored="0" total="2" passed="2" failed="0" skipped="0">
  <reporter-output>
  </reporter-output>
  <suite started-at="2022-03-02T09:07:45 IST" name="Suite" finished-at="2022-03-02T09:07:57 IST" duration-ms="11942">
    <groups>
    </groups>
    <test started-at="2022-03-02T09:07:45 IST" name="Test" finished-at="2022-03-02T09:07:57 IST" duration-ms="11942">
      <class name="testNG.First_TestNG">
        <test-method is-config="true" signature="sub()[pri:0, instance:testNG.First_TestNG@15bbf42f]" started-at="2022-03-02T09:07:45 IST" name="sub" finished-at="2022-03-02T09:07:45 IST" duration-ms="7" status="PASS">
          <reporter-output>
          </reporter-output>
        </test-method> <!-- sub -->
        <test-method is-config="true" signature="mul()[pri:0, instance:testNG.First_TestNG@15bbf42f]" started-at="2022-03-02T09:07:45 IST" name="mul" finished-at="2022-03-02T09:07:45 IST" duration-ms="0" status="PASS">
          <reporter-output>
          </reporter-output>
        </test-method> <!-- mul -->
        <test-method is-config="true" signature="home()[pri:0, instance:testNG.First_TestNG@15bbf42f]" started-at="2022-03-02T09:07:45 IST" name="home" finished-at="2022-03-02T09:07:45 IST" duration-ms="0" status="PASS">
          <reporter-output>
          </reporter-output>
        </test-method> <!-- home -->
        <test-method is-config="true" signature="home1()[pri:0, instance:testNG.First_TestNG@15bbf42f]" started-at="2022-03-02T09:07:45 IST" name="home1" finished-at="2022-03-02T09:07:45 IST" duration-ms="0" status="PASS">
          <reporter-output>
          </reporter-output>
        </test-method> <!-- home1 -->
        <test-method signature="add()[pri:0, instance:testNG.First_TestNG@15bbf42f]" started-at="2022-03-02T09:07:45 IST" name="add" finished-at="2022-03-02T09:07:45 IST" duration-ms="4" status="PASS">
          <reporter-output>
          </reporter-output>
        </test-method> <!-- add -->
      </class> <!-- testNG.First_TestNG -->
      <class name="testNG.Launch_amazon">
        <test-method is-config="true" signature="launch()[pri:0, instance:testNG.Launch_amazon@6d3a388c]" started-at="2022-03-02T09:07:45 IST" name="launch" finished-at="2022-03-02T09:07:48 IST" duration-ms="3230" status="PASS">
          <reporter-output>
          </reporter-output>
        </test-method> <!-- launch -->
        <test-method signature="add()[pri:0, instance:testNG.Launch_amazon@6d3a388c]" started-at="2022-03-02T09:07:48 IST" name="add" finished-at="2022-03-02T09:07:55 IST" duration-ms="6479" status="PASS">
          <reporter-output>
          </reporter-output>
        </test-method> <!-- add -->
        <test-method is-config="true" signature="close()[pri:0, instance:testNG.Launch_amazon@6d3a388c]" started-at="2022-03-02T09:07:55 IST" name="close" finished-at="2022-03-02T09:07:57 IST" duration-ms="2199" status="PASS">
          <reporter-output>
          </reporter-output>
        </test-method> <!-- close -->
      </class> <!-- testNG.Launch_amazon -->
    </test> <!-- Test -->
  </suite> <!-- Suite -->
</testng-results>
